

=====================================================================
== G:\Steam\steamapps\common\DayZServer\DayZServer_x64.exe
== DayZServer_x64.exe  -config=myServerDZ.cfg -port=2302 -profiles=profiles/MainServerProfile -dologs -adminlog -scriptDebug=true -freezecheck "-mod=mods/@CF;mods/@CommunityOnlineTools" 
=====================================================================
Exe timestamp: 2019/07/27 09:15:36
Current time:  2019/08/24 00:14:58

Version 1.04.152166
 0:14:58.655 Load: opening profiles/MainServerProfile\DataCache\cache.ch failed with error 12. Trying again. Attempt 1/5
 0:14:59.674 Load: opening profiles/MainServerProfile\DataCache\cache.ch failed with error 12. Trying again. Attempt 2/5
 0:15:00.675 Load: opening profiles/MainServerProfile\DataCache\cache.ch failed with error 12. Trying again. Attempt 3/5
 0:15:01.676 Load: opening profiles/MainServerProfile\DataCache\cache.ch failed with error 12. Trying again. Attempt 4/5
 0:15:02.677 Load: opening profiles/MainServerProfile\DataCache\cache.ch failed with error 12. Trying again. Attempt 5/5
 0:15:03.808 Localization won't work: STR_SUNDAY - "Global" stringtable not found
 0:15:03.808 Localization won't work: STR_MONDAY - "Global" stringtable not found
 0:15:03.808 Localization won't work: STR_TUESDAY - "Global" stringtable not found
 0:15:03.808 Localization won't work: STR_WEDNESDAY - "Global" stringtable not found
 0:15:03.808 Localization won't work: STR_THURSDAY - "Global" stringtable not found
 0:15:03.808 Localization won't work: STR_FRIDAY - "Global" stringtable not found
 0:15:03.809 Localization won't work: STR_SATURDAY - "Global" stringtable not found
 0:15:03.809 Localization won't work: STR_JANUARY - "Global" stringtable not found
 0:15:03.809 Localization won't work: STR_FEBRUARY - "Global" stringtable not found
 0:15:03.809 Localization won't work: STR_MARCH - "Global" stringtable not found
 0:15:03.809 Localization won't work: STR_APRIL - "Global" stringtable not found
 0:15:03.809 Localization won't work: STR_MAY - "Global" stringtable not found
 0:15:03.809 Localization won't work: STR_JUNE - "Global" stringtable not found
 0:15:03.809 Localization won't work: STR_JULY - "Global" stringtable not found
 0:15:03.809 Localization won't work: STR_AUGUST - "Global" stringtable not found
 0:15:03.809 Localization won't work: STR_SEPTEMBER - "Global" stringtable not found
 0:15:03.809 Localization won't work: STR_OCTOBER - "Global" stringtable not found
 0:15:03.809 Localization won't work: STR_NOVEMBER - "Global" stringtable not found
 0:15:03.809 Localization won't work: STR_DECEMBER - "Global" stringtable not found
 0:15:03.809 Localization won't work: STR_DATE_FORMAT - "Global" stringtable not found
 0:15:03.809 Localization won't work: STR_DATE_FORMAT_SHORT - "Global" stringtable not found
 0:15:03.809 Localization won't work: STR_TIME_FORMAT - "Global" stringtable not found
 0:15:03.809 Localization won't work: STR_MAP_INTERVAL - "Global" stringtable not found
 0:15:03.809 Localization won't work: STR_MAP_LEGEND_INFO - "Global" stringtable not found
 0:15:03.809 Localization won't work: STR_MAP_SCALE_FORMAT - "Global" stringtable not found
 0:15:03.809 Localization won't work: STR_RESOLUTION_FORMAT - "Global" stringtable not found
 0:15:03.809 Localization won't work: STR_SESSION_NAME_FORMAT - "Global" stringtable not found
 0:15:03.809 Localization won't work: STR_CONFIG_YNORMAL - "Global" stringtable not found
 0:15:03.809 Localization won't work: STR_CONFIG_YREVERSED - "Global" stringtable not found
 0:15:03.809 Localization won't work: STR_CONFIG_CONTROLLER_NORMAL_LOOK - "Global" stringtable not found
 0:15:03.809 Localization won't work: STR_CONFIG_CONTROLLER_REVERSED_LOOK - "Global" stringtable not found
 0:15:03.809 Localization won't work: STR_ENABLED - "Global" stringtable not found
 0:15:03.809 Localization won't work: STR_DISABLED - "Global" stringtable not found
 0:15:03.809 Localization won't work: STR_SESSION_NAME_INIT - "Global" stringtable not found
 0:15:03.809 Localization won't work: STR_TIME_ACC_FORMAT - "Global" stringtable not found
 0:15:03.809 Localization won't work: STR_MP_VALIDERROR - "Global" stringtable not found
 0:15:03.809 Localization won't work: STR_MP_VALIDERROR_1 - "Global" stringtable not found
 0:15:03.809 Localization won't work: STR_MP_VALIDERROR_2 - "Global" stringtable not found
 0:15:03.809 Localization won't work: STR_MP_LOGGED - "Global" stringtable not found
 0:15:03.809 Localization won't work: STR_MP_LOGGED_OUT - "Global" stringtable not found
 0:15:03.809 Localization won't work: STR_MP_CONNECTION_LOOSING - "Global" stringtable not found
 0:15:03.809 Localization won't work: STR_MSG_MP_PASSWORD - "Global" stringtable not found
 0:15:03.809 Localization won't work: STR_MSG_MP_NO_PASSWORD - "Global" stringtable not found
 0:15:03.809 Localization won't work: STR_MSG_MP_VERSION - "Global" stringtable not found
 0:15:03.809 Localization won't work: STR_MSG_MP_CONNECT_ERROR - "Global" stringtable not found
 0:15:03.809 Localization won't work: STR_MSG_ADDON_MISSING - "Global" stringtable not found
 0:15:03.809 Localization won't work: STR_MSG_ADDON_VERSION - "Global" stringtable not found
 0:15:03.809 Localization won't work: STR_MSG_LAUNCH_GAME - "Global" stringtable not found
 0:15:03.809 Localization won't work: STR_MSG_NO_WORLD - "Global" stringtable not found
 0:15:03.809 Localization won't work: STR_MSG_MP_SESSION_FULL - "Global" stringtable not found
 0:15:03.809 Localization won't work: STR_LOAD_INIT - "Global" stringtable not found
 0:15:03.809 Localization won't work: STR_LOAD_WORLD - "Global" stringtable not found
 0:15:03.809 Localization won't work: STR_LOAD_MISSION - "Global" stringtable not found
 0:15:03.809 Localization won't work: STR_LOAD_INTRO - "Global" stringtable not found
 0:15:03.809 Localization won't work: STR_LOAD_GAME - "Global" stringtable not found
 0:15:03.809 Localization won't work: STR_SAVE_GAME - "Global" stringtable not found
 0:15:03.809 Localization won't work: STR_NETWORK_SEND - "Global" stringtable not found
 0:15:03.809 Localization won't work: STR_NETWORK_RECEIVE - "Global" stringtable not found
 0:15:03.809 Localization won't work: STR_CREATE_SERVER - "Global" stringtable not found
 0:15:03.809 Localization won't work: STR_CREATE_CLIENT - "Global" stringtable not found
 0:15:03.809 Localization won't work: STR_SHUTDOWN - "Global" stringtable not found
 0:15:03.809 Localization won't work: STR_DN_TREE - "Global" stringtable not found
 0:15:03.809 Localization won't work: STR_DN_BUSH - "Global" stringtable not found
 0:15:03.809 Localization won't work: STR_DN_BUILDING - "Global" stringtable not found
 0:15:03.809 Localization won't work: STR_DN_HOUSE - "Global" stringtable not found
 0:15:03.809 Localization won't work: STR_DN_CHURCH - "Global" stringtable not found
 0:15:03.809 Localization won't work: STR_DN_CHAPEL - "Global" stringtable not found
 0:15:03.809 Localization won't work: STR_DN_CROSS - "Global" stringtable not found
 0:15:03.809 Localization won't work: STR_DN_ROCK - "Global" stringtable not found
 0:15:03.809 Localization won't work: STR_DN_FOREST - "Global" stringtable not found
 0:15:03.809 Localization won't work: STR_DN_BUS_STOP - "Global" stringtable not found
 0:15:03.809 Localization won't work: STR_FADE_AWAY - "Global" stringtable not found
 0:15:03.809 Localization won't work: STR_MP_CONNECT - "Global" stringtable not found
 0:15:03.809 Localization won't work: STR_MP_DISCONNECT - "Global" stringtable not found
 0:15:03.809 Localization won't work: STR_MP_CONNECTING - "Global" stringtable not found
 0:15:03.809 Localization won't work: STR_MP_KICKED - "Global" stringtable not found
 0:15:03.809 Localization won't work: STR_MP_BANNED - "Global" stringtable not found
 0:15:03.809 Localization won't work: STR_MP_TIMEOUT - "Global" stringtable not found
 0:15:03.809 Localization won't work: STR_server_shutdown - "Global" stringtable not found
 0:15:03.809 Localization won't work: STR_DISP_CLIENT_TEXT - "Global" stringtable not found
 0:15:03.809 Localization won't work: STR_DISP_CLIENT_TEXT_EDIT - "Global" stringtable not found
 0:15:03.809 Localization won't work: STR_SERVER_MONITOR - "Global" stringtable not found
 0:15:03.809 Localization won't work: STR_MP_SERVER - "Global" stringtable not found
 0:15:03.809 Localization won't work: STR_MP_MASTER - "Global" stringtable not found
 0:15:03.809 Localization won't work: STR_MP_SESSION_LOST - "Global" stringtable not found
 0:15:03.809 Localization won't work: STR_DISP_OPT_UNITS_METRIC - "Global" stringtable not found
 0:15:03.809 Localization won't work: STR_DISP_OPT_UNITS_MIXED - "Global" stringtable not found
 0:15:03.809 Localization won't work: STR_DISP_OPT_UNITS_IMPERIAL - "Global" stringtable not found
 0:15:03.809 Localization won't work: STR_MP_KICKED_CLIENT - "Global" stringtable not found
 0:15:03.809 Localization won't work: STR_MP_LOGIN_QUEUE_FULL - "Global" stringtable not found
 0:15:03.809 Localization won't work: STR_MP_BANNED_CLIENT - "Global" stringtable not found
 0:15:03.809 Localization won't work: STR_MP_TIMEOUT_CLIENT - "Global" stringtable not found
 0:15:03.809 Localization won't work: STR_MP_BAD_CDKEY - "Global" stringtable not found
 0:15:03.809 Localization won't work: STR_MP_SESSION_LOCKED - "Global" stringtable not found
 0:15:03.809 Localization won't work: STR_MP_STEAM_AUTH_FAILED - "Global" stringtable not found
 0:15:03.809 Localization won't work: STR_xbox_authentification_fail - "Global" stringtable not found
 0:15:03.809 Localization won't work: STR_ps4_authentification_fail - "Global" stringtable not found
 0:15:03.809 Localization won't work: STR_authentification_fail - "Global" stringtable not found
 0:15:03.809 Localization won't work: STR_MP_MAX_PING - "Global" stringtable not found
 0:15:03.809 Localization won't work: STR_HOST_SESSION - "Global" stringtable not found
 0:15:03.809 Localization won't work: STR_DS_SERVER_CREATED - "Global" stringtable not found
 0:15:03.809 Localization won't work: STR_DS_SERVER_CREATE_FAIL - "Global" stringtable not found
 0:15:03.809 Localization won't work: STR_DS_SERVER_FINISHED - "Global" stringtable not found
 0:15:03.809 Localization won't work: STR_DS_SERVER_IDENTITY_CREATED - "Global" stringtable not found
 0:15:03.809 Localization won't work: STR_DS_PLAYER_CONNECTING - "Global" stringtable not found
 0:15:03.809 Localization won't work: STR_DS_PLAYER_CONNECTED - "Global" stringtable not found
 0:15:03.809 Localization won't work: STR_DS_PLAYER_DISCONNECTED - "Global" stringtable not found
 0:15:03.809 Localization won't work: STR_DS_ADMIN_LOGGED_IN - "Global" stringtable not found
 0:15:03.809 Localization won't work: STR_DS_ADMIN_LOGGED_OUT - "Global" stringtable not found
 0:15:03.809 Localization won't work: STR_DS_NO_USERS - "Global" stringtable not found
 0:15:03.809 Localization won't work: STR_DS_ROLES_ASSIGNED - "Global" stringtable not found
 0:15:03.809 Localization won't work: STR_DS_READING_MISSION - "Global" stringtable not found
 0:15:03.809 Localization won't work: STR_DS_MISSION_READ - "Global" stringtable not found
 0:15:03.809 Localization won't work: STR_DS_WAITING_FOR_NEXT_GAME - "Global" stringtable not found
 0:15:03.809 Localization won't work: STR_HASH_WRONG - "Global" stringtable not found
 0:15:03.809 Localization won't work: STR_SIGNATURE_MISSING - "Global" stringtable not found
 0:15:03.809 Localization won't work: STR_SIGNATURE_WRONG - "Global" stringtable not found
 0:15:03.809 Localization won't work: STR_SIGNATURE_CHECK_TIMED_OUT - "Global" stringtable not found
 0:15:03.809 Localization won't work: STR_BATTLEYE_INIT_FAILED - "Global" stringtable not found
 0:15:03.809 Localization won't work: STR_MSG_ADDON_NOT_FOUND - "Global" stringtable not found
 0:15:03.809 Localization won't work: STR_MSG_ADDON_CANNOT_OPEN - "Global" stringtable not found
 0:15:03.809 Localization won't work: STR_MSG_ADDON_UNKNOWN_PRODUCT - "Global" stringtable not found
 0:15:03.809 Localization won't work: STR_INCOMPATIBLE_LOAD_GAME_ATTEMPT - "Global" stringtable not found
 0:15:03.811 Localization won't work: STR_SUNDAY - "Global" stringtable not found
 0:15:03.811 Localization won't work: STR_MONDAY - "Global" stringtable not found
 0:15:03.811 Localization won't work: STR_TUESDAY - "Global" stringtable not found
 0:15:03.811 Localization won't work: STR_WEDNESDAY - "Global" stringtable not found
 0:15:03.811 Localization won't work: STR_THURSDAY - "Global" stringtable not found
 0:15:03.811 Localization won't work: STR_FRIDAY - "Global" stringtable not found
 0:15:03.811 Localization won't work: STR_SATURDAY - "Global" stringtable not found
 0:15:03.811 Localization won't work: STR_JANUARY - "Global" stringtable not found
 0:15:03.811 Localization won't work: STR_FEBRUARY - "Global" stringtable not found
 0:15:03.811 Localization won't work: STR_MARCH - "Global" stringtable not found
 0:15:03.811 Localization won't work: STR_APRIL - "Global" stringtable not found
 0:15:03.811 Localization won't work: STR_MAY - "Global" stringtable not found
 0:15:03.811 Localization won't work: STR_JUNE - "Global" stringtable not found
 0:15:03.811 Localization won't work: STR_JULY - "Global" stringtable not found
 0:15:03.811 Localization won't work: STR_AUGUST - "Global" stringtable not found
 0:15:03.811 Localization won't work: STR_SEPTEMBER - "Global" stringtable not found
 0:15:03.811 Localization won't work: STR_OCTOBER - "Global" stringtable not found
 0:15:03.811 Localization won't work: STR_NOVEMBER - "Global" stringtable not found
 0:15:03.811 Localization won't work: STR_DECEMBER - "Global" stringtable not found
 0:15:03.811 Localization won't work: STR_DATE_FORMAT - "Global" stringtable not found
 0:15:03.811 Localization won't work: STR_DATE_FORMAT_SHORT - "Global" stringtable not found
 0:15:03.811 Localization won't work: STR_TIME_FORMAT - "Global" stringtable not found
 0:15:03.811 Localization won't work: STR_MAP_INTERVAL - "Global" stringtable not found
 0:15:03.811 Localization won't work: STR_MAP_LEGEND_INFO - "Global" stringtable not found
 0:15:03.811 Localization won't work: STR_MAP_SCALE_FORMAT - "Global" stringtable not found
 0:15:03.811 Localization won't work: STR_RESOLUTION_FORMAT - "Global" stringtable not found
 0:15:03.811 Localization won't work: STR_SESSION_NAME_FORMAT - "Global" stringtable not found
 0:15:03.811 Localization won't work: STR_CONFIG_YNORMAL - "Global" stringtable not found
 0:15:03.811 Localization won't work: STR_CONFIG_YREVERSED - "Global" stringtable not found
 0:15:03.811 Localization won't work: STR_CONFIG_CONTROLLER_NORMAL_LOOK - "Global" stringtable not found
 0:15:03.811 Localization won't work: STR_CONFIG_CONTROLLER_REVERSED_LOOK - "Global" stringtable not found
 0:15:03.811 Localization won't work: STR_ENABLED - "Global" stringtable not found
 0:15:03.811 Localization won't work: STR_DISABLED - "Global" stringtable not found
 0:15:03.811 Localization won't work: STR_SESSION_NAME_INIT - "Global" stringtable not found
 0:15:03.811 Localization won't work: STR_TIME_ACC_FORMAT - "Global" stringtable not found
 0:15:03.811 Localization won't work: STR_MP_VALIDERROR - "Global" stringtable not found
 0:15:03.811 Localization won't work: STR_MP_VALIDERROR_1 - "Global" stringtable not found
 0:15:03.811 Localization won't work: STR_MP_VALIDERROR_2 - "Global" stringtable not found
 0:15:03.811 Localization won't work: STR_MP_LOGGED - "Global" stringtable not found
 0:15:03.811 Localization won't work: STR_MP_LOGGED_OUT - "Global" stringtable not found
 0:15:03.811 Localization won't work: STR_MP_CONNECTION_LOOSING - "Global" stringtable not found
 0:15:03.811 Localization won't work: STR_MSG_MP_PASSWORD - "Global" stringtable not found
 0:15:03.811 Localization won't work: STR_MSG_MP_NO_PASSWORD - "Global" stringtable not found
 0:15:03.811 Localization won't work: STR_MSG_MP_VERSION - "Global" stringtable not found
 0:15:03.811 Localization won't work: STR_MSG_MP_CONNECT_ERROR - "Global" stringtable not found
 0:15:03.811 Localization won't work: STR_MSG_ADDON_MISSING - "Global" stringtable not found
 0:15:03.811 Localization won't work: STR_MSG_ADDON_VERSION - "Global" stringtable not found
 0:15:03.811 Localization won't work: STR_MSG_LAUNCH_GAME - "Global" stringtable not found
 0:15:03.811 Localization won't work: STR_MSG_NO_WORLD - "Global" stringtable not found
 0:15:03.811 Localization won't work: STR_MSG_MP_SESSION_FULL - "Global" stringtable not found
 0:15:03.811 Localization won't work: STR_LOAD_INIT - "Global" stringtable not found
 0:15:03.811 Localization won't work: STR_LOAD_WORLD - "Global" stringtable not found
 0:15:03.811 Localization won't work: STR_LOAD_MISSION - "Global" stringtable not found
 0:15:03.811 Localization won't work: STR_LOAD_INTRO - "Global" stringtable not found
 0:15:03.811 Localization won't work: STR_LOAD_GAME - "Global" stringtable not found
 0:15:03.811 Localization won't work: STR_SAVE_GAME - "Global" stringtable not found
 0:15:03.811 Localization won't work: STR_NETWORK_SEND - "Global" stringtable not found
 0:15:03.811 Localization won't work: STR_NETWORK_RECEIVE - "Global" stringtable not found
 0:15:03.811 Localization won't work: STR_CREATE_SERVER - "Global" stringtable not found
 0:15:03.811 Localization won't work: STR_CREATE_CLIENT - "Global" stringtable not found
 0:15:03.811 Localization won't work: STR_SHUTDOWN - "Global" stringtable not found
 0:15:03.811 Localization won't work: STR_DN_TREE - "Global" stringtable not found
 0:15:03.811 Localization won't work: STR_DN_BUSH - "Global" stringtable not found
 0:15:03.811 Localization won't work: STR_DN_BUILDING - "Global" stringtable not found
 0:15:03.811 Localization won't work: STR_DN_HOUSE - "Global" stringtable not found
 0:15:03.811 Localization won't work: STR_DN_CHURCH - "Global" stringtable not found
 0:15:03.811 Localization won't work: STR_DN_CHAPEL - "Global" stringtable not found
 0:15:03.811 Localization won't work: STR_DN_CROSS - "Global" stringtable not found
 0:15:03.811 Localization won't work: STR_DN_ROCK - "Global" stringtable not found
 0:15:03.811 Localization won't work: STR_DN_FOREST - "Global" stringtable not found
 0:15:03.811 Localization won't work: STR_DN_BUS_STOP - "Global" stringtable not found
 0:15:03.811 Localization won't work: STR_FADE_AWAY - "Global" stringtable not found
 0:15:03.811 Localization won't work: STR_MP_CONNECT - "Global" stringtable not found
 0:15:03.811 Localization won't work: STR_MP_DISCONNECT - "Global" stringtable not found
 0:15:03.811 Localization won't work: STR_MP_CONNECTING - "Global" stringtable not found
 0:15:03.811 Localization won't work: STR_MP_KICKED - "Global" stringtable not found
 0:15:03.811 Localization won't work: STR_MP_BANNED - "Global" stringtable not found
 0:15:03.811 Localization won't work: STR_MP_TIMEOUT - "Global" stringtable not found
 0:15:03.811 Localization won't work: STR_server_shutdown - "Global" stringtable not found
 0:15:03.811 Localization won't work: STR_DISP_CLIENT_TEXT - "Global" stringtable not found
 0:15:03.811 Localization won't work: STR_DISP_CLIENT_TEXT_EDIT - "Global" stringtable not found
 0:15:03.811 Localization won't work: STR_SERVER_MONITOR - "Global" stringtable not found
 0:15:03.811 Localization won't work: STR_MP_SERVER - "Global" stringtable not found
 0:15:03.811 Localization won't work: STR_MP_MASTER - "Global" stringtable not found
 0:15:03.811 Localization won't work: STR_MP_SESSION_LOST - "Global" stringtable not found
 0:15:03.811 Localization won't work: STR_DISP_OPT_UNITS_METRIC - "Global" stringtable not found
 0:15:03.811 Localization won't work: STR_DISP_OPT_UNITS_MIXED - "Global" stringtable not found
 0:15:03.811 Localization won't work: STR_DISP_OPT_UNITS_IMPERIAL - "Global" stringtable not found
 0:15:03.811 Localization won't work: STR_MP_KICKED_CLIENT - "Global" stringtable not found
 0:15:03.811 Localization won't work: STR_MP_LOGIN_QUEUE_FULL - "Global" stringtable not found
 0:15:03.811 Localization won't work: STR_MP_BANNED_CLIENT - "Global" stringtable not found
 0:15:03.811 Localization won't work: STR_MP_TIMEOUT_CLIENT - "Global" stringtable not found
 0:15:03.811 Localization won't work: STR_MP_BAD_CDKEY - "Global" stringtable not found
 0:15:03.811 Localization won't work: STR_MP_SESSION_LOCKED - "Global" stringtable not found
 0:15:03.811 Localization won't work: STR_MP_STEAM_AUTH_FAILED - "Global" stringtable not found
 0:15:03.811 Localization won't work: STR_xbox_authentification_fail - "Global" stringtable not found
 0:15:03.811 Localization won't work: STR_ps4_authentification_fail - "Global" stringtable not found
 0:15:03.811 Localization won't work: STR_authentification_fail - "Global" stringtable not found
 0:15:03.811 Localization won't work: STR_MP_MAX_PING - "Global" stringtable not found
 0:15:03.811 Localization won't work: STR_HOST_SESSION - "Global" stringtable not found
 0:15:03.811 Localization won't work: STR_DS_SERVER_CREATED - "Global" stringtable not found
 0:15:03.811 Localization won't work: STR_DS_SERVER_CREATE_FAIL - "Global" stringtable not found
 0:15:03.811 Localization won't work: STR_DS_SERVER_FINISHED - "Global" stringtable not found
 0:15:03.811 Localization won't work: STR_DS_SERVER_IDENTITY_CREATED - "Global" stringtable not found
 0:15:03.811 Localization won't work: STR_DS_PLAYER_CONNECTING - "Global" stringtable not found
 0:15:03.811 Localization won't work: STR_DS_PLAYER_CONNECTED - "Global" stringtable not found
 0:15:03.811 Localization won't work: STR_DS_PLAYER_DISCONNECTED - "Global" stringtable not found
 0:15:03.811 Localization won't work: STR_DS_ADMIN_LOGGED_IN - "Global" stringtable not found
 0:15:03.811 Localization won't work: STR_DS_ADMIN_LOGGED_OUT - "Global" stringtable not found
 0:15:03.811 Localization won't work: STR_DS_NO_USERS - "Global" stringtable not found
 0:15:03.811 Localization won't work: STR_DS_ROLES_ASSIGNED - "Global" stringtable not found
 0:15:03.811 Localization won't work: STR_DS_READING_MISSION - "Global" stringtable not found
 0:15:03.811 Localization won't work: STR_DS_MISSION_READ - "Global" stringtable not found
 0:15:03.811 Localization won't work: STR_DS_WAITING_FOR_NEXT_GAME - "Global" stringtable not found
 0:15:03.811 Localization won't work: STR_HASH_WRONG - "Global" stringtable not found
 0:15:03.811 Localization won't work: STR_SIGNATURE_MISSING - "Global" stringtable not found
 0:15:03.811 Localization won't work: STR_SIGNATURE_WRONG - "Global" stringtable not found
 0:15:03.811 Localization won't work: STR_SIGNATURE_CHECK_TIMED_OUT - "Global" stringtable not found
 0:15:03.811 Localization won't work: STR_BATTLEYE_INIT_FAILED - "Global" stringtable not found
 0:15:03.811 Localization won't work: STR_MSG_ADDON_NOT_FOUND - "Global" stringtable not found
 0:15:03.811 Localization won't work: STR_MSG_ADDON_CANNOT_OPEN - "Global" stringtable not found
 0:15:03.811 Localization won't work: STR_MSG_ADDON_UNKNOWN_PRODUCT - "Global" stringtable not found
 0:15:03.811 Localization won't work: STR_INCOMPATIBLE_LOAD_GAME_ATTEMPT - "Global" stringtable not found
 0:15:04.50 Localization not present: STR_DATE_FORMAT_SHORT
 0:15:04.50 Localization not present: STR_TIME_FORMAT
 0:15:04.50 Localization not present: STR_CONFIG_CONTROLLER_NORMAL_LOOK
 0:15:04.50 Localization not present: STR_CONFIG_CONTROLLER_REVERSED_LOOK
 0:15:04.50 Localization not present: STR_MP_VALIDERROR
 0:15:04.50 Localization not present: STR_MP_CONNECTION_LOOSING
 0:15:04.50 Localization not present: STR_MSG_MP_NO_PASSWORD
 0:15:04.50 Localization not present: STR_MSG_LAUNCH_GAME
 0:15:04.50 Localization not present: STR_LOAD_INIT
 0:15:04.50 Localization not present: STR_LOAD_WORLD
 0:15:04.50 Localization not present: STR_LOAD_GAME
 0:15:04.50 Localization not present: STR_SAVE_GAME
 0:15:04.50 Localization not present: STR_MP_CONNECT
 0:15:04.50 Localization not present: STR_MP_DISCONNECT
 0:15:04.50 Localization not present: STR_MP_CONNECTING
 0:15:04.50 Localization not present: STR_MP_TIMEOUT
 0:15:04.50 Localization not present: STR_DISP_CLIENT_TEXT_EDIT
 0:15:04.50 Localization not present: STR_MP_LOGIN_QUEUE_FULL
 0:15:04.51 Localization not present: STR_DATE_FORMAT_SHORT
 0:15:04.51 Localization not present: STR_TIME_FORMAT
 0:15:04.51 Localization not present: STR_CONFIG_CONTROLLER_NORMAL_LOOK
 0:15:04.51 Localization not present: STR_CONFIG_CONTROLLER_REVERSED_LOOK
 0:15:04.51 Localization not present: STR_MP_VALIDERROR
 0:15:04.51 Localization not present: STR_MP_CONNECTION_LOOSING
 0:15:04.51 Localization not present: STR_MSG_MP_NO_PASSWORD
 0:15:04.51 Localization not present: STR_MSG_LAUNCH_GAME
 0:15:04.51 Localization not present: STR_LOAD_INIT
 0:15:04.51 Localization not present: STR_LOAD_WORLD
 0:15:04.51 Localization not present: STR_LOAD_GAME
 0:15:04.51 Localization not present: STR_SAVE_GAME
 0:15:04.51 Localization not present: STR_MP_CONNECT
 0:15:04.51 Localization not present: STR_MP_DISCONNECT
 0:15:04.51 Localization not present: STR_MP_CONNECTING
 0:15:04.51 Localization not present: STR_MP_TIMEOUT
 0:15:04.51 Localization not present: STR_DISP_CLIENT_TEXT_EDIT
 0:15:04.51 Localization not present: STR_MP_LOGIN_QUEUE_FULL
 0:15:04.104 Initializing stats manager.
 0:15:04.104 Stats config disabled.
 0:15:06.296 Updating base class All->AllVehicles, by DZ\data\config.bin/CfgVehicles/Man/
 0:15:06.296 Updating base class Transport->AllVehicles, by DZ\data\config.bin/CfgVehicles/Air/
 0:15:06.304 Updating base class Name->NameIcon, by DZ\gear\navigation\config.bin/CfgLocationTypes/Hill/
 0:15:06.304 Updating base class Hill->NameIcon, by DZ\gear\navigation\config.bin/CfgLocationTypes/ViewPoint/
 0:15:06.304 Updating base class Hill->NameIcon, by DZ\gear\navigation\config.bin/CfgLocationTypes/RockArea/
 0:15:06.304 Updating base class Hill->NameIcon, by DZ\gear\navigation\config.bin/CfgLocationTypes/BorderCrossing/
 0:15:06.304 Updating base class Hill->NameIcon, by DZ\gear\navigation\config.bin/CfgLocationTypes/VegetationBroadleaf/
 0:15:06.304 Updating base class Hill->NameIcon, by DZ\gear\navigation\config.bin/CfgLocationTypes/VegetationFir/
 0:15:06.304 Updating base class Hill->NameIcon, by DZ\gear\navigation\config.bin/CfgLocationTypes/VegetationPalm/
 0:15:06.304 Updating base class Hill->NameIcon, by DZ\gear\navigation\config.bin/CfgLocationTypes/VegetationVineyard/
 0:15:06.321 Updating base class HorticultureBaseProxies->ProxyAttachment, by DZ\structures\residential\config.bin/CfgNonAIVehicles/ProxyTomato_Seeds/
 0:15:06.615 Updating base class Weather->, by DZ\sounds\hpp\config.bin/CfgWorlds/CAWorld/Weather/
 0:15:07.766 ENGINE    (W): No module info used, trying to identify -> 0xD6D50000

 0:15:07.767 ENGINE    (W): Adjusting job system settings to have at least one job worker thread.

 0:15:07.915 [Inputs] Loading inputs default "bin/constants.xml"
 0:15:07.918 [Inputs] Loading inputs default "bin/specific.xml"
 0:15:07.918 [Inputs] Loading inputs default "JM/COT/scripts/Data/Inputs.xml"
 0:15:07.919 [Inputs] Loading inputs cfg "profiles/MainServerProfile\Users\Survivor\Server.core.xml"
 0:15:07.919 !!! [Inputs] Cannot read inputs cfg "profiles/MainServerProfile\Users\Survivor\Server.core.xml", parser error
 0:15:07.919 [Inputs] Loading inputs cfg "bin/core.xml"
 0:15:07.919 !!! [Inputs] Cannot load input preset "user", file does not exist
 0:15:07.921 [Inputs] Exporting inputs cfg "profiles/MainServerProfile\Users\Survivor\Server.core.xml"
 0:15:08.182 SCRIPT    (W): @"scripts/3_Game/systems\inventory\handfsm.c,96": Missing script declaration for method 'SgNetworkService.CreateLobby'

 0:15:08.182 SCRIPT    (W): @"scripts/3_Game/systems\inventory\handfsm.c,96": Missing script declaration for method 'SgNetworkService.GameServerLoadMatchInfo'

 0:15:08.182 SCRIPT    (W): @"scripts/3_Game/systems\inventory\handfsm.c,96": Missing script declaration for method 'SgNetworkService.CancelSearchForMatch'

 0:15:08.182 SCRIPT    (W): @"scripts/3_Game/systems\inventory\handfsm.c,96": Missing script declaration for method 'SgNetworkService.SetLobbySlot'

 0:15:08.182 SCRIPT    (W): @"scripts/3_Game/systems\inventory\handfsm.c,96": Missing script declaration for method 'SgNetworkService.LeaveLobby'

 0:15:08.182 SCRIPT    (W): @"scripts/3_Game/systems\inventory\handfsm.c,96": Missing script declaration for method 'SgNetworkService.DeleteLobby'

 0:15:08.182 SCRIPT    (W): @"scripts/3_Game/systems\inventory\handfsm.c,96": Missing script declaration for method 'SgNetworkService.JoinLobby'

 0:15:08.182 SCRIPT    (W): @"scripts/3_Game/systems\inventory\handfsm.c,96": Missing script declaration for method 'SgNetworkService.StartLobbyGame'

 0:15:08.182 SCRIPT    (W): @"scripts/3_Game/systems\inventory\handfsm.c,96": Missing script declaration for method 'SgNetworkService.GameServerReadyServer'

 0:15:08.182 SCRIPT    (W): @"scripts/3_Game/systems\inventory\handfsm.c,96": Missing script declaration for method 'SgNetworkService.LeaveTeam'

 0:15:08.182 SCRIPT    (W): @"scripts/3_Game/systems\inventory\handfsm.c,96": Missing script declaration for method 'SgNetworkService.LoadLobbyList'

 0:15:08.182 SCRIPT    (W): @"scripts/3_Game/systems\inventory\handfsm.c,96": Missing script declaration for method 'SgNetworkService.JoinTeam'

 0:15:08.182 SCRIPT    (W): @"scripts/3_Game/systems\inventory\handfsm.c,96": Missing script declaration for method 'SgNetworkService.GetUserUID'

 0:15:08.182 SCRIPT    (W): @"scripts/3_Game/systems\inventory\handfsm.c,96": Missing script declaration for method 'SgNetworkService.ReadyLobbyPlayer'

 0:15:08.182 SCRIPT    (W): @"scripts/3_Game/systems\inventory\handfsm.c,96": Missing script declaration for method 'SgNetworkService.GetService'

 0:15:08.182 SCRIPT    (W): @"scripts/3_Game/systems\inventory\handfsm.c,96": Missing script declaration for method 'SgNetworkService.GameServerFinishGame'

 0:15:08.182 SCRIPT    (W): @"scripts/3_Game/systems\inventory\handfsm.c,96": Missing script declaration for method 'SgNetworkService.StartSearchForMatch'

 0:15:08.182 SCRIPT    (W): @"scripts/3_Game/systems\inventory\cargo.c,6": Missing script declaration for method 'CargoBase.IsProxyCargo'

 0:15:08.249 ANIMATION (E): Can't load mods/@CommunityOnlineTools/Anims/cfg/skeletons.anim.xml

 0:15:08.249 ANIMATION (E): Failed to open file, line 0, column 0

 0:15:08.249 ANIMATION (E): Can't load mods/@CF/Anims/cfg/skeletons.anim.xml

 0:15:08.250 ANIMATION (E): Failed to open file, line 0, column 0

 0:15:08.353 Warning Message: 'soundSetNear/' is not a value
 0:15:08.354 Warning Message: 'soundSetFar/' is not a value
 0:15:08.354 Warning Message: 'soundSetNear/' is not a value
 0:15:08.354 Warning Message: 'soundSetFar/' is not a value
 0:15:08.354 Warning Message: 'soundSetNear/' is not a value
 0:15:08.354 Warning Message: 'soundSetFar/' is not a value
 0:15:08.354 Warning Message: 'soundSetNear/' is not a value
 0:15:08.354 Warning Message: 'soundSetFar/' is not a value
 0:15:09.499 SCRIPT    (W): @"JM/COT/Scripts/4_World/communityonlinetools\staticfunctions.c,18": Unsafe down-casting, use 'PlayerBase.Cast' for safe down-casting

 0:15:09.548 RENDER    (E): Cannot find PP effect CloudsEffect, is the name correct?

 0:15:09.558 MATERIAL  (E): Can't load 'DropRefractionTex' 'graphics/textures/postprocess/drop_refraction.edds', in material @"Graphics/Materials/postprocess/rain.emat"

 0:15:09.576 MATERIAL  (E): Can't load 'DistantTex' 'graphics/textures/postprocess/raindistantmask.edds', in material @"Graphics/Materials/postprocess/rain.emat"

 0:15:09.580 MATERIAL  (E): Can't load 'RotationNoiseMap' 'graphics/textures/postprocess/noise.edds', in material @"Graphics/Materials/postprocess/rain.emat"

 0:15:09.583 MATERIAL  (E): Can't load 'RipplesMap' 'graphics/textures/postprocess/ripple.edds', in material @"Graphics/Materials/postprocess/rain.emat"

 0:15:09.629 MATERIAL  (E): Can't load 'MovableMap' 'graphics/textures/postprocess/rainripplesmovable.edds', in material @"Graphics/Materials/postprocess/rain.emat"

 0:15:09.631 MATERIAL  (E): Can't load 'MovableNoiseMap' 'graphics/textures/postprocess/rainripplesmovablenoise.edds', in material @"Graphics/Materials/postprocess/rain.emat"

 0:15:09.639 MATERIAL  (E): Can't load 'ColorTable' 'graphics/textures/postprocess/color_test.edds', in material @"Graphics/Materials/postprocess/colorgrading.emat"

 0:15:09.684 Warning: CfgWeapons missing in PreloadConfig - may slow down vehicle creation
 0:15:09.684 Warning: CfgMagazines missing in PreloadConfig - may slow down vehicle creation
 0:15:09.684 String "STR_DN_UNKNOWN" not found
 0:15:09.684 String "STR_DN_UNKNOWN" not found
 0:15:09.684 String "STR_DN_CAR" not found
 0:15:09.684 String "STR_DN_UNKNOWN" not found
 0:15:09.684 String "STR_DN_HELICOPTER" not found
 0:15:09.684 String "STR_DN_HELICOPTER" not found
 0:15:09.684 String "STR_DN_MAN" not found
 0:15:09.684 String "STR_DN_ANIMAL" not found
 0:15:09.684 String "STR_DN_UNKNOWN" not found
 0:15:09.684 String "STR_DN_BUNKER" not found
 0:15:09.684 String "STR_DN_UNKNOWN" not found
 0:15:09.684 String "STR_DN_UNKNOWN" not found
 0:15:09.684 String "STR_DN_UNKNOWN" not found
 0:15:09.684 String "STR_DN_UNKNOWN" not found
 0:15:09.684 String "STR_DN_MAN" not found
 0:15:09.684 String "STR_DN_MAN" not found
 0:15:09.684 String "STR_DN_MAN" not found
 0:15:09.688 String "STR_DN_CAR" not found
 0:15:09.688 String "STR_DN_ANIMAL" not found
 0:15:09.688 String "STR_DN_ANIMAL" not found
 0:15:09.697 String "STR_DN_MAN" not found
 0:15:09.702 String "STR_DN_CAR" not found
 0:15:09.916 Unrecognized CfgNonAIVehicles simulation seagull in bin\config.bin/CfgNonAIVehicles/Bird/
 0:15:09.916 Unrecognized CfgNonAIVehicles simulation seagull in bin\config.bin/CfgNonAIVehicles/Insect/
 0:15:09.916 Warning Message: No entry 'bin\config.bin/CfgWeapons/Weapon_Base.burst'.
 0:15:09.916 Warning Message: '/' is not a value
 0:15:09.916 Warning Message: No entry 'bin\config.bin/CfgWeapons/Weapon_Base.reloadTime'.
 0:15:09.916 Warning Message: '/' is not a value
 0:15:09.916 Warning Message: No entry 'bin\config.bin/CfgWeapons/DefaultWeapon.burst'.
 0:15:09.916 Warning Message: '/' is not a value
 0:15:09.916 Warning Message: No entry 'bin\config.bin/CfgWeapons/DefaultWeapon.reloadTime'.
 0:15:09.916 Warning Message: '/' is not a value
 0:15:09.917 Warning Message: No entry 'bin\config.bin/CfgWeapons/PistolCore.burst'.
 0:15:09.917 Warning Message: '/' is not a value
 0:15:09.917 Warning Message: No entry 'bin\config.bin/CfgWeapons/PistolCore.reloadTime'.
 0:15:09.917 Warning Message: '/' is not a value
 0:15:09.917 Warning Message: No entry 'bin\config.bin/CfgWeapons/RifleCore.burst'.
 0:15:09.917 Warning Message: '/' is not a value
 0:15:09.917 Warning Message: No entry 'bin\config.bin/CfgWeapons/RifleCore.reloadTime'.
 0:15:09.917 Warning Message: '/' is not a value
 0:15:09.917 Warning Message: No entry 'bin\config.bin/CfgWeapons/LauncherCore.burst'.
 0:15:09.917 Warning Message: '/' is not a value
 0:15:09.917 Warning Message: No entry 'bin\config.bin/CfgWeapons/LauncherCore.reloadTime'.
 0:15:09.917 Warning Message: '/' is not a value
 0:15:09.917 Warning Message: No entry 'bin\config.bin/CfgWeapons/Rifle_Base.burst'.
 0:15:09.917 Warning Message: '/' is not a value
 0:15:09.917 Warning Message: No entry 'bin\config.bin/CfgWeapons/Rifle_Base.reloadTime'.
 0:15:09.917 Warning Message: '/' is not a value
 0:15:09.917 Warning Message: No entry 'bin\config.bin/CfgWeapons/BoltActionRifle_Base.burst'.
 0:15:09.917 Warning Message: '/' is not a value
 0:15:09.917 Warning Message: No entry 'bin\config.bin/CfgWeapons/BoltActionRifle_Base.reloadTime'.
 0:15:09.917 Warning Message: '/' is not a value
 0:15:09.917 Warning Message: No entry 'bin\config.bin/CfgWeapons/BoltActionRifle_InnerMagazine_Base.burst'.
 0:15:09.917 Warning Message: '/' is not a value
 0:15:09.917 Warning Message: No entry 'bin\config.bin/CfgWeapons/BoltActionRifle_InnerMagazine_Base.reloadTime'.
 0:15:09.917 Warning Message: '/' is not a value
 0:15:09.917 Warning Message: No entry 'bin\config.bin/CfgWeapons/Pistol_Base.burst'.
 0:15:09.917 Warning Message: '/' is not a value
 0:15:09.917 Warning Message: No entry 'bin\config.bin/CfgWeapons/Pistol_Base.reloadTime'.
 0:15:09.917 Warning Message: '/' is not a value
 0:15:09.917 Warning Message: No entry 'bin\config.bin/CfgWeapons/Launcher_Base.burst'.
 0:15:09.917 Warning Message: '/' is not a value
 0:15:09.979 Warning Message: No entry 'bin\config.bin/CfgWeapons/NonlethalCore.burst'.
 0:15:09.979 Warning Message: '/' is not a value
 0:15:09.979 Warning Message: No entry 'bin\config.bin/CfgWeapons/NonlethalCore.reloadTime'.
 0:15:09.979 Warning Message: '/' is not a value
 0:15:09.979 Warning Message: No entry 'bin\config.bin/CfgWeapons/NonlethalPistol.burst'.
 0:15:09.979 Warning Message: '/' is not a value
 0:15:09.979 Warning Message: No entry 'bin\config.bin/CfgWeapons/NonlethalPistol.reloadTime'.
 0:15:09.979 Warning Message: '/' is not a value
 0:15:09.979 Warning Message: No entry 'bin\config.bin/CfgWeapons/NonlethalRifle.burst'.
 0:15:09.979 Warning Message: '/' is not a value
 0:15:09.979 Warning Message: No entry 'bin\config.bin/CfgWeapons/NonlethalRifle.reloadTime'.
 0:15:09.979 Warning Message: '/' is not a value
 0:15:10.04 Warning Message: No entry 'bin\config.bin.RscPendingInvitation'.
 0:15:10.04 Warning Message: No entry '.x'.
 0:15:10.04 Warning Message: '/' is not a value
 0:15:10.04 Warning Message: No entry '.y'.
 0:15:10.04 Warning Message: '/' is not a value
 0:15:10.04 Warning Message: No entry '.w'.
 0:15:10.04 Warning Message: '/' is not a value
 0:15:10.04 Warning Message: No entry '.h'.
 0:15:10.04 Warning Message: '/' is not a value
 0:15:10.77 SUCCESS: SteamGameServer_Init(0,8766,2302,27016,3,1.04.152166)
 0:15:10.78 Server: SetClientState dpid=2 id=0 name=__SERVER__ CREATED -> CONNECTED
 0:15:10.127 Server: SetClientState dpid=2 id=0 name=__SERVER__ MISSION SELECTED -> PLAYER ASSIGNED
 0:15:10.127 Server: SetClientState dpid=2 id=0 name=__SERVER__ PLAYER ASSIGNED -> MISSION RECEIVED
 0:15:10.131 Terrain normal texture loaded (dz\worlds\chernarusplus\data\global_nohq.paa)...
 0:15:11.300 PerfWarning: Way too much components (582) in dz\structures\industrial\power\power_station.p3d:geometryFire
 0:15:11.350 PerfWarning: Way too much components (564) in dz\structures\military\houses\mil_barracks5.p3d:geometryFire
 0:15:11.494 PerfWarning: Way too much components (948) in dz\structures\specific\prison\prison_wall_large.p3d:geometryFire
 0:15:11.603 Warning Message: Animation source slot_01 not found in bin\config.bin/CfgVehicles/Land_Misc_Greenhouse/
 0:15:11.603 Warning Message: Animation source slot_02 not found in bin\config.bin/CfgVehicles/Land_Misc_Greenhouse/
 0:15:11.603 Warning Message: Animation source slot_03 not found in bin\config.bin/CfgVehicles/Land_Misc_Greenhouse/
 0:15:11.603 Warning Message: Animation source slot_04 not found in bin\config.bin/CfgVehicles/Land_Misc_Greenhouse/
 0:15:11.603 Warning Message: Animation source slot_05 not found in bin\config.bin/CfgVehicles/Land_Misc_Greenhouse/
 0:15:11.603 Warning Message: Animation source slot_06 not found in bin\config.bin/CfgVehicles/Land_Misc_Greenhouse/
 0:15:11.603 Warning Message: Animation source slot_07 not found in bin\config.bin/CfgVehicles/Land_Misc_Greenhouse/
 0:15:11.603 Warning Message: Animation source slot_08 not found in bin\config.bin/CfgVehicles/Land_Misc_Greenhouse/
 0:15:11.603 Warning Message: Animation source slot_09 not found in bin\config.bin/CfgVehicles/Land_Misc_Greenhouse/
 0:15:11.638 PerfWarning: Way too much components (742) in dz\structures\residential\police\village_policestation.p3d:geometryFire
 0:15:11.708 PerfWarning: Way too much components (786) in dz\structures\residential\houses\house_1w08.p3d:geometryFire
 0:15:11.737 PerfWarning: Way too much components (665) in dz\structures\residential\houses\house_2w01.p3d:geometryFire
 0:15:11.770 PerfWarning: Way too much components (1028) in dz\structures\residential\houses\house_2w03.p3d:geometryFire
 0:15:11.859 PerfWarning: Way too much components (792) in dz\structures\residential\houses\house_1w11.p3d:geometryFire
 0:15:11.925 PerfWarning: Way too much components (865) in dz\structures\residential\houses\house_1b01_pub.p3d:geometryFire
 0:15:11.948 PerfWarning: Way too much components (534) in dz\structures\specific\churches\church2_2.p3d:geometryFire
 0:15:11.965 Warning Message: unable to load doorCarSmallOpenABit_1 from CfgSounds
 0:15:11.965 Warning Message: unable to load doorCarSmallOpenABit_2 from CfgSounds
 0:15:11.965 Warning Message: unable to load doorCarSmallOpenABit_3 from CfgSounds
 0:15:11.965 Warning Message: unable to load doorCarSmallOpenABit_4 from CfgSounds
 0:15:11.965 Warning Message: unable to load doorCarSmallRattle from CfgActionSounds
 0:15:12.07 PerfWarning: Way too much components (641) in dz\structures\residential\tenements\tenement_small.p3d:geometryFire
 0:15:12.71 PerfWarning: Way too much components (642) in dz\structures\residential\tenements\tenement_big.p3d:geometryFire
 0:15:12.172 PerfWarning: Way too much components (821) in dz\structures\wrecks\vehicles\wreck_hmmwv.p3d:geometryFire
 0:15:12.178 PerfWarning: Way too much components (704) in dz\structures\wrecks\vehicles\wreck_ural.p3d:geometryFire
 0:15:12.223 PerfWarning: Way too much components (779) in dz\structures\residential\schools\city_school.p3d:geometryFire
 0:15:12.254 PerfWarning: Way too much components (1187) in dz\structures\residential\schools\proxy\school_exterior_proxy.p3d:geometryFire
 0:15:12.417 PerfWarning: Way too much components (526) in dz\structures\residential\houseblocks\houseblock_2f8.p3d:geometryFire
 0:15:12.427 PerfWarning: Way too much components (501) in dz\structures\wrecks\vehicles\wreck_volha_grey.p3d:geometryFire
 0:15:12.446 PerfWarning: Way too much components (820) in dz\structures\residential\houses\house_2w02.p3d:geometryFire
 0:15:12.468 PerfWarning: Way too much components (600) in dz\structures\residential\houseblocks\houseblock_2f1.p3d:geometryFire
 0:15:12.472 PerfWarning: Way too much components (526) in dz\structures\residential\houseblocks\houseblock_2f2.p3d:geometryFire
 0:15:12.495 PerfWarning: Way too much components (1025) in dz\structures\residential\houses\house_2w04.p3d:geometryFire
 0:15:12.539 PerfWarning: Way too much components (510) in dz\structures\residential\houseblocks\houseblock_3f1.p3d:geometryFire
 0:15:12.575 PerfWarning: Way too much components (682) in dz\structures\residential\houseblocks\houseblock_2f3.p3d:geometryFire
 0:15:12.590 PerfWarning: Way too much components (552) in dz\structures\residential\houseblocks\houseblock_2f6.p3d:geometryFire
 0:15:12.689 PerfWarning: Way too much components (532) in dz\structures\residential\houses\house_2b02.p3d:geometryFire
 0:15:12.702 PerfWarning: Way too much components (913) in dz\structures\residential\houses\house_2b04.p3d:geometryFire
 0:15:12.730 PerfWarning: Way too much components (804) in dz\structures\residential\offices\office_municipal1.p3d:geometryFire
 0:15:12.774 PerfWarning: Way too much components (710) in dz\structures\residential\houses\house_2b03.p3d:geometryFire
 0:15:12.787 PerfWarning: Way too much components (804) in dz\structures\residential\police\city_policestation.p3d:geometryFire
 0:15:12.866 PerfWarning: Way too much components (677) in dz\structures\residential\medical\city_hospital.p3d:geometryFire
 0:15:12.903 PerfWarning: Way too much components (566) in dz\structures\residential\stores\city_store_withstairs.p3d:geometryFire
 0:15:12.937 PerfWarning: Way too much components (1200) in dz\structures\residential\offices\office2.p3d:geometryFire
 0:15:12.960 PerfWarning: Way too much components (506) in dz\structures\residential\offices\proxy\a_office02_metalbars.p3d:geometryFire
 0:15:13.184 PerfWarning: Way too much components (850) in dz\structures\residential\houses\house_1w12.p3d:geometryFire
 0:15:13.211 PerfWarning: Way too much components (558) in dz\structures\industrial\misc\misc_scaffolding.p3d:geometryFire
 0:15:13.388 PerfWarning: Way too much components (1027) in dz\structures\residential\offices\office1.p3d:geometryFire
 0:15:13.422 SW keep height animation used for dz\structures\residential\misc\misc_football_line.p3d
 0:15:13.460 PerfWarning: Way too much components (982) in dz\structures\industrial\houses\factory_small.p3d:geometryFire
 0:15:13.492 PerfWarning: Way too much components (628) in dz\structures\ruins\rubble_dirtpile_medium2.p3d:geometryFire
 0:15:13.527 Warning Message: No entry 'bin\config.bin/CfgVehicles/Land_Train_Wagon_Box/Doors/Door1.soundOpenABit'.
 0:15:13.527 Warning Message: '/' is not a value
 0:15:13.527 Warning Message: unable to load doorWoodRattle from CfgActionSounds
 0:15:13.527 Warning Message: No entry 'bin\config.bin/CfgVehicles/Land_Train_Wagon_Box/Doors/Door2.soundOpenABit'.
 0:15:13.527 Warning Message: '/' is not a value
 0:15:13.606 PerfWarning: Way too much components (704) in dz\structures\military\improvised\mil_camonet_roof_east.p3d:geometry
 0:15:13.607 PerfWarning: Way too much components (704) in dz\structures\military\improvised\mil_camonet_roof_east.p3d:geometryFire
 0:15:13.623 PerfWarning: Way too much components (626) in dz\structures\military\improvised\proxy\tent_big2.p3d:geometryFire
 0:15:13.803 PerfWarning: Way too much components (546) in dz\structures\military\houses\mil_guardhouse2.p3d:geometryFire
 0:15:13.825 PerfWarning: Way too much components (709) in dz\structures\residential\firedep\city_firestation.p3d:geometryFire
 0:15:13.876 PerfWarning: Way too much components (603) in dz\structures\rail\houses\rail_warehouse_small.p3d:geometryFire
 0:15:13.900 PerfWarning: Way too much components (859) in dz\structures\residential\medical\village_healthcare.p3d:geometryFire
 0:15:14.625 PerfWarning: Way too much components (715) in dz\structures\industrial\houses\factory_lathes.p3d:geometryFire
 0:15:14.637 PerfWarning: Way too much components (633) in dz\structures\industrial\houses\proxy\housev2_03_int.p3d:geometryFire
 0:15:14.681 PerfWarning: Way too much components (660) in dz\structures\military\airfield\mil_airfield_hq.p3d:geometryFire
 0:15:14.758 PerfWarning: Way too much components (502) in dz\structures\industrial\construction\construction_house2.p3d:geometryFire
 0:15:14.884 PerfWarning: Way too much components (660) in dz\structures\ruins\rubble_dirtpile_small.p3d:geometryFire
 0:15:15.147 PerfWarning: Way too much components (561) in dz\structures\industrial\farms\barn_wood1.p3d:geometryFire
 0:15:15.387 PerfWarning: Way too much components (912) in dz\structures\military\tisy\tisy_hq.p3d:geometryFire
 0:15:15.923 Warning Message: unable to load doorMetalLargeOpen from CfgActionSounds
 0:15:15.923 Warning Message: unable to load doorMetalLargeOpenABit from CfgActionSounds
 0:15:15.923 Warning Message: unable to load doorMetalLargeClose from CfgActionSounds
 0:15:15.923 Warning Message: unable to load doorMetalLargeRattle from CfgActionSounds
 0:15:16.16 PerfWarning: Way too much components (1212) in dz\structures\residential\offices\office_municipal2.p3d:geometryFire
 0:15:16.24 PerfWarning: Way too much components (1024) in dz\structures\residential\offices\proxy\municipaloffice2_details_proxy.p3d:geometryFire
 0:15:16.27 PerfWarning: Way too much components (707) in dz\structures\residential\offices\proxy\municipaloffice2_int.p3d:geometryFire
 0:15:16.47 Warning Message: unable to load doorMetalFrontOpen from CfgActionSounds
 0:15:16.47 Warning Message: unable to load doorMetalFrontOpenABit from CfgActionSounds
 0:15:16.47 Warning Message: unable to load doorMetalFrontClose from CfgActionSounds
 0:15:16.47 Warning Message: unable to load doorMetalFrontRattle from CfgActionSounds
 0:15:16.141 PerfWarning: Way too much components (505) in dz\structures\military\improvised\hbarrier_6m.p3d:geometryView
 0:15:24.298 SCRIPT    (W): @"scripts/5_Mission/gui\inventorynew\inherited\zombiecontainer.c,651": Unsafe down-casting, use 'ItemBase.Cast' for safe down-casting

 0:15:24.325 SCRIPT    (W): @"JM/COT/Scripts/5_Mission/communityonlinetools\modules\itemsetspawner\itemsetspawnermodule.c,212": Unsafe down-casting, use 'PlayerBase.Cast' for safe down-casting

 0:15:24.325 SCRIPT    (W): @"JM/COT/Scripts/5_Mission/communityonlinetools\modules\itemsetspawner\itemsetspawnermodule.c,217": Unsafe down-casting, use 'PlayerBase.Cast' for safe down-casting

 0:15:24.335 SCRIPT    (W): @"JM/COT/Scripts/5_Mission/communityonlinetools\gui\mapeditor\mapeditormenu.c,111": Unsafe down-casting, use 'EntityAI.Cast' for safe down-casting

 0:15:24.381 SCRIPT    (W): @"JM/COT/Scripts/5_Mission/communityonlinetools\modules\teleport\teleportmodule.c,188": Unsafe down-casting, use 'PlayerBase.Cast' for safe down-casting

 0:15:24.399 SCRIPT    (W): @"JM/COT/Scripts/5_Mission/communityonlinetools\modules\object\objectmodule.c,196": Unsafe down-casting, use 'PlayerBase.Cast' for safe down-casting

 0:15:24.639 [CE][Hive] :: Initializing OFFLINE
 0:15:24.641 [CE][Hive] :: Loading core data ... 
 0:15:24.641 [CE][CoreData] :: 7 root classes, 5 defaults, 0 updaters...
 0:15:24.828 [CE][Hive] :: Loading map data ... 
 0:15:24.902 [CE][LoadPrototype] :: loaded 227 prototypes
 0:15:24.903   488 containers, 7158 points
 0:15:24.903   0 dispatches, 0 proxies
 0:15:24.903 !!! [CE][LoadPrototype] 5 groups have no points...
 0:15:24.903 [CE][LoadPrototype] :: last group name: Land_Wreck_Volha_Police...
 0:15:24.918 [CE][LoadPrototype] :: loaded 0 prototypes
 0:15:24.918   0 containers, 0 points
 0:15:24.919   0 dispatches, 0 proxies
 0:15:24.919 [CE][LoadPrototype] :: last group name: Rail9...
 0:15:25.199 [CE][LoadMap] "Group" :: loaded 11402 groups, largest group range: 34.2
 0:15:25.204 !!! File "DZ\worlds\chernarusplus\ce\mapgroupdirt.xml" does not exist...
 0:15:25.204 !!! [CE][LoadMap] "Dirt" :: Failed to read group instances (DZ\worlds\chernarusplus\ce\mapgroupdirt.xml)
 0:15:25.709 [CE][Links] found 1850 total links between groups, of 11402
 0:15:25.709 [CE][LoadClusters] "Cluster" :: Loading files...
 0:15:26.00 [CE][LoadClusters] :: file: "mapgroupcluster.xml", 9 types, 50000 instances
 0:15:26.314 [CE][LoadClusters] :: file: "mapgroupcluster01", 9 types, 50000 instances
 0:15:26.642 [CE][LoadClusters] :: file: "mapgroupcluster02", 9 types, 50000 instances
 0:15:26.946 [CE][LoadClusters] :: file: "mapgroupcluster03", 9 types, 50000 instances
 0:15:27.53 [CE][LoadClusters] :: file: "mapgroupcluster04", 9 types, 17188 instances
 0:15:27.338 PerfWarning: Way too much components (1020) in dz\structures\industrial\cementworks\cementworks_expeditiona.p3d:geometryFire
 0:15:27.363 PerfWarning: Way too much components (954) in dz\structures\industrial\cementworks\cementworks_millb.p3d:geometryFire
 0:15:27.408 PerfWarning: Way too much components (1459) in dz\structures\industrial\construction\construction_building.p3d:geometryFire
 0:15:27.415 PerfWarning: Way too much components (601) in dz\structures\industrial\construction\construction_crane.p3d:geometryFire
 0:15:27.420 PerfWarning: Way too much components (502) in dz\structures\industrial\construction\construction_house2.p3d:geometryFire
 0:15:27.430 PerfWarning: Way too much components (561) in dz\structures\industrial\farms\barn_wood1.p3d:geometryFire
 0:15:27.440 PerfWarning: Way too much components (1041) in dz\structures\industrial\farms\barn_metal_big.p3d:geometryFire
 0:15:27.455 PerfWarning: Way too much components (1041) in dz\structures\industrial\farms\barn_metal_big_grey.p3d:geometryFire
 0:15:27.486 PerfWarning: Way too much components (658) in dz\structures\industrial\harbour\boathouse.p3d:geometryFire
 0:15:27.505 PerfWarning: Way too much components (715) in dz\structures\industrial\houses\factory_lathes.p3d:geometryFire
 0:15:27.516 PerfWarning: Way too much components (982) in dz\structures\industrial\houses\factory_small.p3d:geometryFire
 0:15:27.535 PerfWarning: Way too much components (700) in dz\structures\industrial\mines\mine_building.p3d:geometryFire
 0:15:27.538 PerfWarning: Way too much components (558) in dz\structures\industrial\misc\misc_scaffolding.p3d:geometryFire
 0:15:27.554 PerfWarning: Way too much components (582) in dz\structures\industrial\power\power_station.p3d:geometryFire
 0:15:27.573 PerfWarning: Way too much components (528) in dz\structures\industrial\sawmills\sawmill_building.p3d:geometryFire
 0:15:27.616 PerfWarning: Way too much components (704) in dz\structures\military\improvised\mil_camonet_roof_east.p3d:geometry
 0:15:27.618 PerfWarning: Way too much components (704) in dz\structures\military\improvised\mil_camonet_roof_east.p3d:geometryFire
 0:15:27.626 PerfWarning: Way too much components (660) in dz\structures\military\airfield\mil_airfield_hq.p3d:geometryFire
 0:15:27.637 PerfWarning: Way too much components (732) in dz\structures\military\airfield\mil_atc_small.p3d:geometryFire
 0:15:27.657 PerfWarning: Way too much components (631) in dz\structures\military\airfield\mil_atc_big.p3d:geometryFire
 0:15:27.658 PerfWarning: Way too much components (634) in dz\structures\military\airfield\mil_atc_big.p3d:geometryView
 0:15:27.680 PerfWarning: Way too much components (564) in dz\structures\military\houses\mil_barracks5.p3d:geometryFire
 0:15:27.700 PerfWarning: Way too much components (546) in dz\structures\military\houses\mil_guardhouse2.p3d:geometryFire
 0:15:27.713 PerfWarning: Way too much components (592) in dz\structures\military\houses\mil_guardtower.p3d:geometryFire
 0:15:27.747 PerfWarning: Way too much components (652) in dz\structures\military\improvised\mil_tent_big4.p3d:geometryFire
 0:15:27.773 PerfWarning: Way too much components (912) in dz\structures\military\tisy\tisy_hq.p3d:geometryFire
 0:15:27.796 PerfWarning: Way too much components (866) in dz\structures\military\tisy\tisy_radarb_base.p3d:geometryView
 0:15:27.810 PerfWarning: Way too much components (601) in dz\structures\military\tisy\tisy_radarb_antenna.p3d:geometryFire
 0:15:27.823 PerfWarning: Way too much components (634) in dz\structures\military\airfield\airfield_hangar_green.p3d:geometryFire
 0:15:27.833 PerfWarning: Way too much components (627) in dz\structures\military\airfield\airfield_servicehangar_r.p3d:geometryFire
 0:15:27.849 PerfWarning: Way too much components (566) in dz\structures\military\airfield\airfield_servicehangar_l.p3d:geometryFire
 0:15:27.869 PerfWarning: Way too much components (1705) in dz\structures\military\airfield\mil_aircraftshelter.p3d:geometryFire
 0:15:27.889 PerfWarning: Way too much components (1117) in dz\structures\military\airfield\airfield_radar_tall.p3d:geometryFire
 0:15:27.908 PerfWarning: Way too much components (1046) in dz\structures\military\airfield\mil_reinforcedtank2.p3d:geometryFire
 0:15:27.928 PerfWarning: Way too much components (603) in dz\structures\rail\houses\rail_warehouse_small.p3d:geometryFire
 0:15:27.947 PerfWarning: Way too much components (709) in dz\structures\residential\firedep\city_firestation.p3d:geometryFire
 0:15:27.975 PerfWarning: Way too much components (600) in dz\structures\residential\houseblocks\houseblock_2f1.p3d:geometryFire
 0:15:27.980 PerfWarning: Way too much components (526) in dz\structures\residential\houseblocks\houseblock_2f2.p3d:geometryFire
 0:15:27.986 PerfWarning: Way too much components (682) in dz\structures\residential\houseblocks\houseblock_2f3.p3d:geometryFire
 0:15:27.998 PerfWarning: Way too much components (552) in dz\structures\residential\houseblocks\houseblock_2f6.p3d:geometryFire
 0:15:28.05 PerfWarning: Way too much components (526) in dz\structures\residential\houseblocks\houseblock_2f8.p3d:geometryFire
 0:15:28.25 PerfWarning: Way too much components (510) in dz\structures\residential\houseblocks\houseblock_3f1.p3d:geometryFire
 0:15:28.44 PerfWarning: Way too much components (865) in dz\structures\residential\houses\house_1b01_pub.p3d:geometryFire
 0:15:28.73 PerfWarning: Way too much components (786) in dz\structures\residential\houses\house_1w08.p3d:geometryFire
 0:15:28.88 PerfWarning: Way too much components (792) in dz\structures\residential\houses\house_1w11.p3d:geometryFire
 0:15:28.96 PerfWarning: Way too much components (850) in dz\structures\residential\houses\house_1w12.p3d:geometryFire
 0:15:28.104 PerfWarning: Way too much components (532) in dz\structures\residential\houses\house_2b02.p3d:geometryFire
 0:15:28.110 PerfWarning: Way too much components (710) in dz\structures\residential\houses\house_2b03.p3d:geometryFire
 0:15:28.116 PerfWarning: Way too much components (913) in dz\structures\residential\houses\house_2b04.p3d:geometryFire
 0:15:28.121 PerfWarning: Way too much components (665) in dz\structures\residential\houses\house_2w01.p3d:geometryFire
 0:15:28.127 PerfWarning: Way too much components (820) in dz\structures\residential\houses\house_2w02.p3d:geometryFire
 0:15:28.135 PerfWarning: Way too much components (1028) in dz\structures\residential\houses\house_2w03.p3d:geometryFire
